{"name":"test002","id":"com.herokuapp.booker.restful.productinfo.RestfulBookerTestWithSteps:test002","testCaseName":"com.herokuapp.booker.restful.productinfo.RestfulBookerTestWithSteps","testSteps":[{"number":1,"description":"Getting the Booking information with ID: 0","duration":485,"startTime":"2022-06-07T14:56:48.223+01:00[Europe/London]","exception":{"errorType":"java.lang.AssertionError","message":"1 expectation failed.\nExpected status code \u003c200\u003e but was \u003c404\u003e.\n","stackTrace":[{"declaringClass":"io.restassured.internal.ResponseSpecificationImpl","methodName":"validateResponseIfRequired","fileName":"ResponseSpecificationImpl.groovy","lineNumber":636},{"declaringClass":"io.restassured.internal.ResponseSpecificationImpl","methodName":"statusCode","fileName":"ResponseSpecificationImpl.groovy","lineNumber":122},{"declaringClass":"io.restassured.internal.ResponseSpecificationImpl","methodName":"statusCode","fileName":"ResponseSpecificationImpl.groovy","lineNumber":130},{"declaringClass":"io.restassured.internal.ValidatableResponseOptionsImpl","methodName":"statusCode","fileName":"ValidatableResponseOptionsImpl.java","lineNumber":117},{"declaringClass":"com.herokuapp.booker.restful.restfulinfo.RestfulBookerSteps","methodName":"getbookingById","fileName":"RestfulBookerSteps.java","lineNumber":45},{"declaringClass":"com.herokuapp.booker.restful.productinfo.RestfulBookerTestWithSteps","methodName":"test002","fileName":"RestfulBookerTestWithSteps.java","lineNumber":55}]},"result":"FAILURE","precondition":false,"children":[{"number":2,"description":"GET https://restful-booker.herokuapp.com/booking/0\r\r","duration":0,"startTime":"2022-06-07T14:56:48.708+01:00[Europe/London]","result":"SUCCESS","restQuery":{"method":"GET","path":"https://restful-booker.herokuapp.com/booking/0\r\r","content":"\r","contentType":"null","requestHeaders":"Authorization\u003dBearer e367431b1feb1bd\r\n\t\t\t\tAccept\u003d*/*\r\r","requestCookies":"\r\r","responseHeaders":"Server: Cowboy\nConnection: keep-alive\nX-Powered-By: Express\nContent-Type: text/plain; charset\u003dutf-8\nContent-Length: 9\nEtag: W/\"9-0gXL1ngzMqISxa6S1zx3F4wtLyg\"\nDate: Tue, 07 Jun 2022 13:56:48 GMT\nVia: 1.1 vegur\r","responseCookies":"\r","responseBody":"Not Found","statusCode":404},"precondition":false}]}],"userStory":{"id":"com.herokuapp.booker.restful.productinfo.RestfulBookerTestWithSteps","storyName":"Restful booker test with steps","storyClassName":"com.herokuapp.booker.restful.productinfo.RestfulBookerTestWithSteps","path":"com.herokuapp.booker.restful.productinfo","type":"story"},"featureTag":{"name":"Productinfo/Restful booker test with steps","type":"story"},"title":"Verify if the booking was created in application","tags":[{"name":"Productinfo/Restful booker test with steps","type":"story"}],"startTime":"2022-06-07T14:56:48.207+01:00[Europe/London]","duration":501,"testFailureCause":{"errorType":"java.lang.AssertionError","message":"1 expectation failed.\nExpected status code \u003c200\u003e but was \u003c404\u003e.\n","stackTrace":[{"declaringClass":"io.restassured.internal.ResponseSpecificationImpl","methodName":"validateResponseIfRequired","fileName":"ResponseSpecificationImpl.groovy","lineNumber":636},{"declaringClass":"io.restassured.internal.ResponseSpecificationImpl","methodName":"statusCode","fileName":"ResponseSpecificationImpl.groovy","lineNumber":122},{"declaringClass":"io.restassured.internal.ResponseSpecificationImpl","methodName":"statusCode","fileName":"ResponseSpecificationImpl.groovy","lineNumber":130},{"declaringClass":"io.restassured.internal.ValidatableResponseOptionsImpl","methodName":"statusCode","fileName":"ValidatableResponseOptionsImpl.java","lineNumber":117},{"declaringClass":"com.herokuapp.booker.restful.restfulinfo.RestfulBookerSteps","methodName":"getbookingById","fileName":"RestfulBookerSteps.java","lineNumber":45},{"declaringClass":"com.herokuapp.booker.restful.productinfo.RestfulBookerTestWithSteps","methodName":"test002","fileName":"RestfulBookerTestWithSteps.java","lineNumber":55}]},"testFailureClassname":"java.lang.AssertionError","testFailureMessage":"1 expectation failed.\nExpected status code \u003c200\u003e but was \u003c404\u003e.\n","testFailureSummary":"FAILURE;java.lang.AssertionError;1 expectation failed.\nExpected status code \u003c200\u003e but was \u003c404\u003e.\n;ResponseSpecificationImpl.groovy","projectKey":"","annotatedResult":"FAILURE","manual":false,"testSource":"JUnit","result":"FAILURE"}