<?xml version="1.0" encoding="UTF-8"?><testsuite errors="1" failures="3" name="com.herokuapp.booker.restful.productinfo.RestfulBookerTestWithSteps" skipped="0" tests="4" time="4.7" timestamp="2022-06-07T14:56:44.990+01:00[Europe/London]"><testcase classname="com.herokuapp.booker.restful.productinfo.RestfulBookerTestWithSteps" name="This will create new booking"><error type="java.lang.NullPointerException"/><system-err>null&#13;
com.herokuapp.booker.restful.productinfo.RestfulBookerTestWithSteps.test001(RestfulBookerTestWithSteps.java:48)&#13;
</system-err></testcase><testcase classname="com.herokuapp.booker.restful.productinfo.RestfulBookerTestWithSteps" name="Verify if the booking was created in application"><failure message="1 expectation failed.&#10;Expected status code &lt;200&gt; but was &lt;404&gt;.&#10;" type="java.lang.AssertionError">1 expectation failed.
Expected status code &lt;200&gt; but was &lt;404&gt;.
</failure><system-err>1 expectation failed.
Expected status code &lt;200&gt; but was &lt;404&gt;.
&#13;
io.restassured.internal.ResponseSpecificationImpl.validateResponseIfRequired(ResponseSpecificationImpl.groovy:636)&#13;
io.restassured.internal.ResponseSpecificationImpl.statusCode(ResponseSpecificationImpl.groovy:122)&#13;
io.restassured.internal.ResponseSpecificationImpl.statusCode(ResponseSpecificationImpl.groovy:130)&#13;
io.restassured.internal.ValidatableResponseOptionsImpl.statusCode(ValidatableResponseOptionsImpl.java:117)&#13;
com.herokuapp.booker.restful.restfulinfo.RestfulBookerSteps.getbookingById(RestfulBookerSteps.java:45)&#13;
com.herokuapp.booker.restful.productinfo.RestfulBookerTestWithSteps.test002(RestfulBookerTestWithSteps.java:55)&#13;
</system-err></testcase><testcase classname="com.herokuapp.booker.restful.productinfo.RestfulBookerTestWithSteps" name="Update the store information and verify the updated information"><failure message="1 expectation failed.&#10;Expected status code &lt;200&gt; but was &lt;405&gt;.&#10;" type="java.lang.AssertionError">1 expectation failed.
Expected status code &lt;200&gt; but was &lt;405&gt;.
</failure><system-err>1 expectation failed.
Expected status code &lt;200&gt; but was &lt;405&gt;.
&#13;
io.restassured.internal.ResponseSpecificationImpl.validateResponseIfRequired(ResponseSpecificationImpl.groovy:636)&#13;
io.restassured.internal.ResponseSpecificationImpl.statusCode(ResponseSpecificationImpl.groovy:122)&#13;
io.restassured.internal.ResponseSpecificationImpl.statusCode(ResponseSpecificationImpl.groovy:130)&#13;
io.restassured.internal.ValidatableResponseOptionsImpl.statusCode(ValidatableResponseOptionsImpl.java:117)&#13;
com.herokuapp.booker.restful.productinfo.RestfulBookerTestWithSteps.test003(RestfulBookerTestWithSteps.java:69)&#13;
</system-err></testcase><testcase classname="com.herokuapp.booker.restful.productinfo.RestfulBookerTestWithSteps" name="Test004"><failure message="1 expectation failed.&#10;Expected status code &lt;200&gt; but was &lt;405&gt;.&#10;" type="java.lang.AssertionError">1 expectation failed.
Expected status code &lt;200&gt; but was &lt;405&gt;.
</failure><system-err>1 expectation failed.
Expected status code &lt;200&gt; but was &lt;405&gt;.
&#13;
io.restassured.internal.ResponseSpecificationImpl.validateResponseIfRequired(ResponseSpecificationImpl.groovy:636)&#13;
io.restassured.internal.ResponseSpecificationImpl.statusCode(ResponseSpecificationImpl.groovy:122)&#13;
io.restassured.internal.ResponseSpecificationImpl.statusCode(ResponseSpecificationImpl.groovy:130)&#13;
io.restassured.internal.ValidatableResponseOptionsImpl.statusCode(ValidatableResponseOptionsImpl.java:117)&#13;
com.herokuapp.booker.restful.productinfo.RestfulBookerTestWithSteps.test004(RestfulBookerTestWithSteps.java:77)&#13;
</system-err></testcase></testsuite>